<?xml version="1.0" encoding="UTF-8"?>
<!-- Generated by org.testng.reporters.JUnitReportReporter -->
<testsuite hostname="Preeti_Keshri" failures="0" tests="1" name="ExtentReportPractice4.Demo1" time="2.425" errors="0" timestamp="2025-03-04T20:33:13 IST" skipped="0">
  <testcase classname="ExtentReportPractice4.Demo1" name="initialDemo" time="2.425"/>
</testsuite> <!-- ExtentReportPractice4.Demo1 -->
