<?xml version="1.0" encoding="UTF-8"?>
<!-- Generated by org.testng.reporters.JUnitReportReporter -->
<testsuite hostname="Preeti_Keshri" failures="0" tests="3" name="ShettyOrganizations.F3SubmitOrderTest" time="15.780" errors="0" timestamp="2025-03-11T20:51:41 IST" skipped="0">
  <testcase classname="ShettyOrganizations.F3SubmitOrderTest" name="submitOrder" time="6.569"/>
  <testcase classname="ShettyOrganizations.F3SubmitOrderTest" name="orderHistoryTest" time="2.267"/>
  <testcase classname="ShettyOrganizations.F3SubmitOrderTest" name="submitOrder" time="6.944"/>
</testsuite> <!-- ShettyOrganizations.F3SubmitOrderTest -->
