<?xml version="1.0" encoding="UTF-8"?>
<!-- Generated by org.testng.reporters.JUnitReportReporter -->
<testsuite hostname="Preeti_Keshri" failures="0" tests="2" name="ShettyOrganizations.F7ErrorValidationTest" time="21.502" errors="0" timestamp="2025-03-12T22:54:59 IST" skipped="0">
  <testcase classname="ShettyOrganizations.F7ErrorValidationTest" name="productErrorValidation" time="16.544"/>
  <testcase classname="ShettyOrganizations.F7ErrorValidationTest" name="loginErrorValidation" time="4.958"/>
</testsuite> <!-- ShettyOrganizations.F7ErrorValidationTest -->
